<?xml version="1.0" encoding="UTF-8"?>
<!-- Generated by org.testng.reporters.JUnitXMLReporter -->
<testsuite ignored="2" hostname="hp" failures="1" tests="5" name="TestRunner 3" time="101.606" errors="0" timestamp="2023-07-07T17:47:10 IST">
  <testcase classname="userMouduleTest.AddToMenuTest" name="addToMenu" time="0.0">
    <skipped/>
  </testcase> <!-- addToMenu -->
  <testcase classname="orderModuleTest.UpdateOrderStatusTest" name="updateOrderStatusTest" time="23.027">
    <skipped/>
  </testcase> <!-- updateOrderStatusTest -->
  <testcase classname="orderModuleTest.UpdateOrderStatusTest" name="updateOrderStatusTest" time="21.992">
    <skipped/>
  </testcase> <!-- updateOrderStatusTest -->
  <testcase classname="orderModuleTest.UpdateOrderStatusTest" name="updateOrderStatusTest" time="21.946">
    <skipped/>
  </testcase> <!-- updateOrderStatusTest -->
  <testcase classname="orderModuleTest.UpdateOrderStatusTest" name="updateOrderStatusTest" time="21.903">
    <failure type="org.openqa.selenium.NoSuchElementException" message="Unable to locate element: //td[text()=&amp;apos;Soumya2050&amp;apos;]/following-sibling::td/descendant::i[@class=&amp;apos;fa fa-edit&amp;apos;]
For documentation on this error, please visit: https://selenium.dev/exceptions/#no_such_element
Build info: version: &amp;apos;4.9.0&amp;apos;, revision: &amp;apos;d7057100a6&amp;apos;
System info: os.name: &amp;apos;Windows 11&amp;apos;, os.arch: &amp;apos;amd64&amp;apos;, os.version: &amp;apos;10.0&amp;apos;, java.version: &amp;apos;17.0.5&amp;apos;
Driver info: org.openqa.selenium.firefox.FirefoxDriver
Command: [0af1083c-996d-4baf-a513-418a0b8cfaca, findElement {using=xpath, value=//td[text()=&amp;apos;Soumya2050&amp;apos;]/following-sibling::td/descendant::i[@class=&amp;apos;fa fa-edit&amp;apos;]}]
Capabilities {acceptInsecureCerts: true, browserName: firefox, browserVersion: 115.0, moz:accessibilityChecks: false, moz:buildID: 20230629134642, moz:debuggerAddress: 127.0.0.1:21403, moz:geckodriverVersion: 0.33.0, moz:headless: false, moz:platformVersion: 10.0, moz:processID: 20328, moz:profile: C:\Users\srjen\AppData\Loca..., moz:shutdownTimeout: 60000, moz:useNonSpecCompliantPointerOrigin: false, moz:webdriverClick: true, moz:windowless: false, pageLoadStrategy: normal, platformName: WINDOWS, proxy: Proxy(), se:cdp: ws://127.0.0.1:21403/devtoo..., se:cdpVersion: 85.0, setWindowRect: true, strictFileInteractability: false, timeouts: {implicit: 0, pageLoad: 300000, script: 30000}, unhandledPromptBehavior: dismiss and notify}
Session ID: 0af1083c-996d-4baf-a513-418a0b8cfaca">
      <![CDATA[org.openqa.selenium.NoSuchElementException: Unable to locate element: //td[text()='Soumya2050']/following-sibling::td/descendant::i[@class='fa fa-edit']
For documentation on this error, please visit: https://selenium.dev/exceptions/#no_such_element
Build info: version: '4.9.0', revision: 'd7057100a6'
System info: os.name: 'Windows 11', os.arch: 'amd64', os.version: '10.0', java.version: '17.0.5'
Driver info: org.openqa.selenium.firefox.FirefoxDriver
Command: [0af1083c-996d-4baf-a513-418a0b8cfaca, findElement {using=xpath, value=//td[text()='Soumya2050']/following-sibling::td/descendant::i[@class='fa fa-edit']}]
Capabilities {acceptInsecureCerts: true, browserName: firefox, browserVersion: 115.0, moz:accessibilityChecks: false, moz:buildID: 20230629134642, moz:debuggerAddress: 127.0.0.1:21403, moz:geckodriverVersion: 0.33.0, moz:headless: false, moz:platformVersion: 10.0, moz:processID: 20328, moz:profile: C:\Users\srjen\AppData\Loca..., moz:shutdownTimeout: 60000, moz:useNonSpecCompliantPointerOrigin: false, moz:webdriverClick: true, moz:windowless: false, pageLoadStrategy: normal, platformName: WINDOWS, proxy: Proxy(), se:cdp: ws://127.0.0.1:21403/devtoo..., se:cdpVersion: 85.0, setWindowRect: true, strictFileInteractability: false, timeouts: {implicit: 0, pageLoad: 300000, script: 30000}, unhandledPromptBehavior: dismiss and notify}
Session ID: 0af1083c-996d-4baf-a513-418a0b8cfaca
at org.openqa.selenium.remote.codec.w3c.W3CHttpResponseCodec.createException(W3CHttpResponseCodec.java:200)
at org.openqa.selenium.remote.codec.w3c.W3CHttpResponseCodec.decode(W3CHttpResponseCodec.java:133)
at org.openqa.selenium.remote.codec.w3c.W3CHttpResponseCodec.decode(W3CHttpResponseCodec.java:53)
at org.openqa.selenium.remote.HttpCommandExecutor.execute(HttpCommandExecutor.java:193)
at org.openqa.selenium.remote.service.DriverCommandExecutor.invokeExecute(DriverCommandExecutor.java:183)
at org.openqa.selenium.remote.service.DriverCommandExecutor.execute(DriverCommandExecutor.java:158)
at org.openqa.selenium.remote.RemoteWebDriver.execute(RemoteWebDriver.java:543)
at org.openqa.selenium.remote.ElementLocation$ElementFinder$2.findElement(ElementLocation.java:162)
at org.openqa.selenium.remote.ElementLocation.findElement(ElementLocation.java:60)
at org.openqa.selenium.remote.RemoteWebDriver.findElement(RemoteWebDriver.java:352)
at org.openqa.selenium.remote.RemoteWebDriver.findElement(RemoteWebDriver.java:344)
at com.GTMange.TransSoft.ObjectRepository.AdminDashboardPage.clickOnEdit(AdminDashboardPage.java:223)
at orderModuleTest.UpdateOrderStatusTest.updateOrderStatusTest(UpdateOrderStatusTest.java:35)
at java.base/java.util.ArrayList.forEach(ArrayList.java:1511)
at java.base/java.util.concurrent.FutureTask.run(FutureTask.java:264)
at java.base/java.util.concurrent.ThreadPoolExecutor.runWorker(ThreadPoolExecutor.java:1136)
at java.base/java.util.concurrent.ThreadPoolExecutor$Worker.run(ThreadPoolExecutor.java:635)
at java.base/java.lang.Thread.run(Thread.java:833)
... Removed 22 stack frames]]>
    </failure>
  </testcase> <!-- updateOrderStatusTest -->
  <testcase classname="com.GTMange.TransSoft.genericutility.BaseClass" name="@BeforeSuite connectToDataBase" time="0.0">
    <ignored/>
  </testcase> <!-- @BeforeSuite connectToDataBase -->
  <testcase classname="com.GTMange.TransSoft.genericutility.BaseClass" name="@AfterSuite closeDataBase" time="0.0">
    <ignored/>
  </testcase> <!-- @AfterSuite closeDataBase -->
</testsuite> <!-- TestRunner 3 -->
